    code     state  ...     new_std                        timestamp
0   YNH3  sl_start  ...   20.894116 2023-02-09 10:09:59.046080+03:00
1   VTBR  sl_start  ...    0.000012 2023-02-09 10:09:59.046080+03:00
2   VBH3     start  ...    1.527316 2023-02-09 10:09:59.046080+03:00
3  TRNFP   observe  ...  137.824716 2023-02-09 10:09:59.046080+03:00
4  TATNP   observe  ...    0.133357 2023-02-09 10:09:59.046080+03:00

[5 rows x 7 columns]     code old_state  ...     new_std                        timestamp
0   VTBR  new_high  ...    0.000012 2023-02-09 10:09:59.046080+03:00
1   VBZ2  tp_start  ...         NaN                              NaT
2   UPRO   new_low  ...         NaN                              NaT
3  TRNFP   new_low  ...  137.824716 2023-02-09 10:09:59.046080+03:00
4   TRMK   new_low  ...         NaN                              NaT

[5 rows x 18 columns]
step2     code old_state  ...     new_std                        timestamp
0   VTBR  new_high  ...    0.000012 2023-02-09 10:09:59.046080+03:00
1   VBZ2  tp_start  ...         NaN                              NaT
2   UPRO   new_low  ...         NaN                              NaT
3  TRNFP   new_low  ...  137.824716 2023-02-09 10:09:59.046080+03:00
4   TRMK   new_low  ...         NaN                              NaT

[5 rows x 18 columns]
step3     code old_state  ...                        timestamp  to_update
0   VTBR  new_high  ... 2023-02-09 10:09:59.046080+03:00      False
1   VBZ2  tp_start  ...                              NaT      False
2   UPRO   new_low  ...                              NaT      False
3  TRNFP   new_low  ... 2023-02-09 10:09:59.046080+03:00      False
4   TRMK   new_low  ...                              NaT      False

[5 rows x 19 columns] 0      False
1      False
2      False
3      False
4      False
       ...  
96     False
97     False
98     False
99     False
100    False
Name: to_update, Length: 101, dtype: bool Empty DataFrame
Columns: [code, old_state, old_price, old_start, old_end, new_state, new_price, new_start, new_end, std, old_timestamp, new_timestamp, state, price, start, end, new_std, timestamp, to_update]
Index: []
2023-02-09 10:10:06.358620
df_monitor Empty DataFrame
Columns: [code, old_state, old_price, old_start, old_end, new_state, new_price, new_start, new_end, std, old_timestamp, new_timestamp, state, price, start, end, new_std, timestamp, to_update]
Index: []
Series([], Name: code, dtype: object)
   security class_code_x  ...             cdate_y  inc
0      AFKS         TQBR  ... 2023-02-06 19:35:00  0.0
55     RNH3       SPBFUT  ... 2023-02-06 19:32:00  0.0
54     RNFT         TQBR  ... 2023-02-06 18:48:00  0.0
53     RMH3       SPBFUT  ... 2023-02-06 19:35:00  0.0
52     RIH3       SPBFUT  ... 2023-02-06 19:37:00  0.0
..      ...          ...  ...                 ...  ...
23     IRAO         TQBR  ... 2023-02-06 19:36:00  0.0
22     INGR         TQBR  ... 2023-02-06 18:01:00  0.0
21     HYDR         TQBR  ... 2023-02-06 19:35:00  0.0
28     LKH3       SPBFUT  ... 2023-02-06 19:34:00  0.0
77     YNH3       SPBFUT  ... 2023-02-06 19:30:00  0.0

[78 rows x 7 columns]
df_gains Empty DataFrame
Columns: [security, class_code_x, close_x, close_y, cdate_x, cdate_y, inc]
Index: []
monitor: ended 2023-02-09 10:10:31.578805
