Begin quotes reimport 2023-02-09 08:45:02.408365
removing old file
GetCandlesDF(TQBR, ['URKA', 'TRCN', 'MFON', 'IRGZ', 'SNGS', 'LENT', 'KMAZ', 'INGR', 'POSI', 'SPBE', 'TATN', 'PHOR', 'FEES', 'TRNFP', 'TATNP', 'TRMK', 'SNGSP', 'FLOT', 'AFKS', 'SGZH', 'CHMF', 'SBERP', 'SMLT', 'RNFT', 'HYDR', 'RSTI', 'PIKK', 'OGKB', 'NLMK', 'MOEX', 'MTLRP', 'MTLR', 'MGNT', 'MTSS', 'MAGN', 'MVID', 'LSRG', 'DSKY', 'FESH', 'SIBN', 'BELU', 'BANEP', 'BSPB', 'AKRN', 'ISKJ', 'UPRO', 'IRAO', 'RASP', 'ALRS', 'PLZL', 'AFLT', 'RUAL', 'GMKN', 'CBOM', 'VTBR', 'NVTK', 'ROSN', 'LKOH', 'GAZP', 'SBER'], 20000
URKA

TRCN

MFON

IRGZ
records readed: 3000
SNGS
records readed: 20000
LENT
records readed: 20000
KMAZ
records readed: 20000
INGR
records readed: 20000
POSI
records readed: 20000
SPBE
records readed: 20000
TATN
records readed: 20000
PHOR
records readed: 20000
FEES
records readed: 20000
TRNFP
records readed: 20000
TATNP
records readed: 20000
TRMK
records readed: 20000
SNGSP
records readed: 20000
FLOT
records readed: 20000
AFKS
records readed: 20000
SGZH
records readed: 20000
CHMF
records readed: 20000
SBERP
records readed: 20000
SMLT
records readed: 20000
RNFT
records readed: 20000
HYDR
records readed: 20000
RSTI

PIKK
records readed: 20000
OGKB
records readed: 20000
NLMK
records readed: 20000
MOEX
records readed: 20000
MTLRP
records readed: 20000
MTLR
records readed: 20000
MGNT
records readed: 20000
MTSS
records readed: 20000
MAGN
records readed: 20000
MVID
records readed: 20000
LSRG
records readed: 20000
DSKY
records readed: 20000
FESH
records readed: 20000
SIBN
records readed: 20000
BELU
records readed: 20000
BANEP
records readed: 20000
BSPB
records readed: 20000
AKRN
records readed: 20000
ISKJ
records readed: 20000
UPRO
records readed: 20000
IRAO
records readed: 20000
RASP
records readed: 20000
ALRS
records readed: 20000
PLZL
records readed: 20000
AFLT
records readed: 20000
RUAL
records readed: 20000
GMKN
records readed: 20000
CBOM
records readed: 20000
VTBR
records readed: 20000
NVTK
records readed: 20000
ROSN
records readed: 20000
LKOH
records readed: 20000
GAZP
records readed: 20000
SBER
records readed: 20000
GetCandlesDF(SPBFUT, ['EuH3', 'SiH3', 'CRH3', 'BRF3', 'NMH3', 'LKH3', 'EDH3', 'GDZ2', 'GKH3', 'SVZ2', 'POH3', 'PZH3', 'SFZ2', 'SPH3', 'MXH3', 'SRH3', 'SNH3', 'NAZ2', 'GZH3', 'CHH3', 'VBH3', 'RMH3', 'RNH3', 'RIH3', 'YNH3', 'NGZ2', 'OZH3', 'MNH3'], 20000
EuH3
records readed: 20000
SiH3
records readed: 20000
CRH3
records readed: 20000
BRF3

NMH3
records readed: 9437
LKH3
records readed: 20000
EDH3
records readed: 20000
GDZ2

GKH3
records readed: 20000
SVZ2

POH3
records readed: 20000
PZH3
records readed: 10695
SFZ2

SPH3
records readed: 20000
MXH3
records readed: 20000
SRH3
records readed: 20000
SNH3
records readed: 7971
NAZ2

GZH3
records readed: 20000
CHH3
records readed: 3280
VBH3
records readed: 20000
RMH3
records readed: 20000
RNH3
records readed: 20000
RIH3
records readed: 20000
YNH3
records readed: 19072
NGZ2

OZH3
records readed: 6493
MNH3
records readed: 10311
1470259 0
saving to DB  1675921911.2342122
saving to file  1675921911.2342243
saved 1675921925.9012504
- В файл ./Data/candles.csv сохранено записей: 1120180
04 - Bars_upd выполнен за 423.51 с
Bars updated 2023-02-09 08:52:05.924099
DB Cleaned 2023-02-09 08:52:08.998663
Bollinger recomputed 2023-02-09 08:52:33.826933
2023-02-09 08:52:33.826972
