1675923305.224615
GZH3 9.56540755666103
MXH3 84.69349100520796
SRH3 8.73833971480245
PZH3 141.32883615275253
SiH3 16.194585465454242
CRH3 0.0027986156390754184
OZH3 35.209963687523974
POH3 7.761502651783842
EDH3 0.00023159769880199248
SPH3 10.313759231986715
RIH3 42.84682555722256
LKH3 20.769975874868415
EuH3 23.069480407568058
GKH3 8.639704363685578
VBH3 1.5273155842627686
YNH3 20.89411603196276
RMH3 0.7596861633993509
SNH3 35.92225529245129
RNH3 23.603664837240437
CHH3 258.4772177233187
MNH3 4.579577784452998
NMH3 16.10330752915949
MAGN 0.028651651714558714
KMAZ 0.2978521331466893
RUAL 0.03387239212734367
BANEP 1.1612448551904495
GAZP 0.0906622264212646
MGNT 2.433264870781158
SMLT 1.9599438397329414
ISKJ 0.2512866820691454
POSI 1.310281357970541
FLOT 0.0802267678423806
CHMF 0.9454308610261016
VTBR 1.1884856354040697e-05
AFLT 0.026081875310579785
FESH 0.03142015579455515
TRMK 0.07166642069522347
TATN 0.15029025225454237
MOEX 0.05724430170145283
SBERP 0.07262622782941378
ROSN 0.1461495773822356
PIKK 0.3718270871084575
DSKY 0.05587849614971756
SBER 0.08782207201381798
SGZH 0.003919979959421455
SIBN 0.2602147713424943
MTSS 0.16774589943885285
PHOR 4.732806798592723
MTLRP 0.19770565235014903
TRNFP 137.82471621209365
LSRG 0.4558585778132996
NLMK 0.07667295297164321
ALRS 0.02979360494716109
AFKS 0.010158971822581398
AKRN 43.048035542488954
LKOH 1.385700539821458
TATNP 0.13335688840605128
CBOM 0.00562038627378354
UPRO 0.0019416426400549523
MVID 0.1965235026213042
RNFT 0.14416595745415792
MTLR 0.110850816119305
PLZL 9.67362710698521
SNGS 0.02011201479788507
IRAO 0.0018342390880128204
OGKB 0.0005739800468331094
RASP 0.205016813370078
GMKN 7.161772922874825
SNGSP 0.016282198964252585
BSPB 0.08526348826894037
LENT 0.9109052343332581
HYDR 0.0003906298077586826
NVTK 0.5957122389720226
SPBE 0.22301903163776315
INGR 2.818947260923456
FEES 6.832731585700724e-05
BELU 2.333386633472847
перестройка уровней выполнена за 17.44 с
